<?xml version="1.0" encoding="UTF-8"?>
<testsuite xmlns:xsi="http://www.w3.org/2001/XMLSchema-instance" xsi:noNamespaceSchemaLocation="https://maven.apache.org/surefire/maven-surefire-plugin/xsd/surefire-test-report.xsd" name="rest.MovieResourceTest" time="9.267" tests="1" errors="1" skipped="0" failures="0">
  <properties>
[...]
</properties>
  <testcase name="rest.MovieResourceTest" classname="rest.MovieResourceTest" time="9.266">
    <error message="Exception [EclipseLink-4002] (Eclipse Persistence Services - 2.5.2.v20140319-9ad6abd): org.eclipse.persistence.exceptions.DatabaseException&#10;Internal Exception: com.mysql.cj.jdbc.exceptions.CommunicationsException: Communications link failure&#10;&#10;The last packet sent successfully to the server was 0 milliseconds ago. The driver has not received any packets from the server.&#10;Error Code: 0" type="javax.persistence.PersistenceException">javax.persistence.PersistenceException: 
Exception [EclipseLink-4002] (Eclipse Persistence Services - 2.5.2.v20140319-9ad6abd): org.eclipse.persistence.exceptions.DatabaseException
Internal Exception: com.mysql.cj.jdbc.exceptions.CommunicationsException: Communications link failure

The last packet sent successfully to the server was 0 milliseconds ago. The driver has not received any packets from the server.
Error Code: 0
	at rest.MovieResourceTest.setUpClass(MovieResourceTest.java:49)
Caused by: org.eclipse.persistence.exceptions.DatabaseException: 

Internal Exception: com.mysql.cj.jdbc.exceptions.CommunicationsException: Communications link failure

The last packet sent successfully to the server was 0 milliseconds ago. The driver has not received any packets from the server.
Error Code: 0
	at rest.MovieResourceTest.setUpClass(MovieResourceTest.java:49)
Caused by: com.mysql.cj.jdbc.exceptions.CommunicationsException: 
Communications link failure

The last packet sent successfully to the server was 0 milliseconds ago. The driver has not received any packets from the server.
	at rest.MovieResourceTest.setUpClass(MovieResourceTest.java:49)
Caused by: com.mysql.cj.exceptions.CJCommunicationsException: 
Communications link failure

The last packet sent successfully to the server was 0 milliseconds ago. The driver has not received any packets from the server.
	at rest.MovieResourceTest.setUpClass(MovieResourceTest.java:49)
Caused by: java.net.ConnectException: Connection refused: connect
	at rest.MovieResourceTest.setUpClass(MovieResourceTest.java:49)
</error>
    <system-out><![CDATA[Using the TEST database via persistence-unit --> puTest 
[EL Info]: 2020-09-11 18:34:18.43--ServerSession(1245065720)--EclipseLink, version: Eclipse Persistence Services - 2.5.2.v20140319-9ad6abd
[EL Severe]: ejb: 2020-09-11 18:34:26.745--ServerSession(1245065720)--Exception [EclipseLink-4002] (Eclipse Persistence Services - 2.5.2.v20140319-9ad6abd): org.eclipse.persistence.exceptions.DatabaseException
Internal Exception: com.mysql.cj.jdbc.exceptions.CommunicationsException: Communications link failure

The last packet sent successfully to the server was 0 milliseconds ago. The driver has not received any packets from the server.
Error Code: 0
##########################################################
######      ERROR Creating a persistence Unit       ######
###### Have you started the dev and test databases? ######
######          (docker-compose up -d )             ######
##########################################################
]]></system-out>
  </testcase>
</testsuite>